<?xml version="1.0" encoding="UTF-8"?>
<testng-results skipped="0" failed="1" ignored="0" total="1" passed="0">
  <reporter-output>
    <line>
      <![CDATA[Extent Report Directory/Users/mrahman/develop/deepcoding/WebAutomationJanuary2021/test-output/html]]>
    </line>
    <line>
      <![CDATA[TestAllFunctionality: news Features]]>
    </line>
    <line>
      <![CDATA[AllFunctionality: run All The Feature Test]]>
    </line>
    <line>
      <![CDATA[AllFunctionality: select]]>
    </line>
  </reporter-output>
  <suite name="NYPost Test Script" duration-ms="62931" started-at="2021-05-01T15:12:42 EDT" finished-at="2021-05-01T15:13:45 EDT">
    <groups>
    </groups>
    <test name="NYP Home" duration-ms="62931" started-at="2021-05-01T15:12:42 EDT" finished-at="2021-05-01T15:13:45 EDT">
      <class name="homepage.TestAllFunctionality">
        <test-method status="PASS" signature="extentSetup(org.testng.ITestContext)[pri:0, instance:homepage.TestAllFunctionality@3cef309d]" name="extentSetup" is-config="true" duration-ms="304" started-at="2021-05-01T15:12:42 EDT" finished-at="2021-05-01T15:12:42 EDT">
          <params>
            <param index="0">
              <value>
                <![CDATA[org.testng.TestRunner@6b9c69a9]]>
              </value>
            </param>
          </params>
          <reporter-output>
            <line>
              <![CDATA[Extent Report Directory/Users/mrahman/develop/deepcoding/WebAutomationJanuary2021/test-output/html]]>
            </line>
          </reporter-output>
        </test-method> <!-- extentSetup -->
        <test-method status="PASS" signature="setUp(java.lang.String,java.lang.String,java.lang.String,java.lang.String,java.lang.String,java.lang.String,java.lang.String)[pri:0, instance:homepage.TestAllFunctionality@3cef309d]" name="setUp" is-config="true" duration-ms="55341" started-at="2021-05-01T15:12:43 EDT" finished-at="2021-05-01T15:13:38 EDT">
          <params>
            <param index="0">
              <value>
                <![CDATA[false]]>
              </value>
            </param>
            <param index="1">
              <value>
                <![CDATA[browserstack]]>
              </value>
            </param>
            <param index="2">
              <value>
                <![CDATA[OS X]]>
              </value>
            </param>
            <param index="3">
              <value>
                <![CDATA[Sierra]]>
              </value>
            </param>
            <param index="4">
              <value>
                <![CDATA[firefox]]>
              </value>
            </param>
            <param index="5">
              <value>
                <![CDATA[80.0]]>
              </value>
            </param>
            <param index="6">
              <value>
                <![CDATA[https://nypost.com/]]>
              </value>
            </param>
          </params>
          <reporter-output>
          </reporter-output>
        </test-method> <!-- setUp -->
        <test-method status="PASS" signature="startExtent(java.lang.reflect.Method)[pri:0, instance:homepage.TestAllFunctionality@3cef309d]" name="startExtent" is-config="true" duration-ms="35" started-at="2021-05-01T15:13:38 EDT" finished-at="2021-05-01T15:13:38 EDT">
          <params>
            <param index="0">
              <value>
                <![CDATA[public void homepage.TestAllFunctionality.newsFeatures() throws java.io.IOException,java.lang.InterruptedException]]>
              </value>
            </param>
          </params>
          <reporter-output>
          </reporter-output>
        </test-method> <!-- startExtent -->
        <test-method status="FAIL" signature="newsFeatures()[pri:0, instance:homepage.TestAllFunctionality@3cef309d]" name="newsFeatures" duration-ms="2587" started-at="2021-05-01T15:13:38 EDT" finished-at="2021-05-01T15:13:40 EDT">
          <exception class="org.openqa.selenium.ElementNotInteractableException">
            <message>
              <![CDATA[Element <button id="search-submit" class="search__submit" type="submit"> could not be scrolled into view
Build info: version: '4.0.0-beta-2', revision: '4ec0cfc112'
System info: host: 'matiurs-MacBook-Pro.local', ip: '2603:7000:e245:e600:0:0:0:3', os.name: 'Mac OS X', os.arch: 'x86_64', os.version: '10.15', java.version: '1.8.0_45'
Driver info: org.openqa.selenium.firefox.FirefoxDriver
Command: [578225ce-5314-4a49-bddc-43cd94fab656, clickElement {id=c17506bc-6f81-ff40-9263-ed69836ecdc9}]
Capabilities {acceptInsecureCerts: true, browserName: firefox, browserVersion: 88.0, javascriptEnabled: true, moz:accessibilityChecks: false, moz:buildID: 20210415204500, moz:debuggerAddress: localhost:63389, moz:geckodriverVersion: 0.29.0, moz:headless: false, moz:processID: 71398, moz:profile: /var/folders/f0/pp1t4wh50hz..., moz:shutdownTimeout: 60000, moz:useNonSpecCompliantPointerOrigin: false, moz:webdriverClick: true, pageLoadStrategy: normal, platform: MAC, platformName: MAC, platformVersion: 19.0.0, rotatable: false, setWindowRect: true, strictFileInteractability: false, timeouts: {implicit: 0, pageLoad: 300000, script: 30000}, unhandledPromptBehavior: dismiss and notify}
Element: [[FirefoxDriver: firefox on MAC (578225ce-5314-4a49-bddc-43cd94fab656)] -> css selector: #search-submit]
Session ID: 578225ce-5314-4a49-bddc-43cd94fab656]]>
            </message>
            <full-stacktrace>
              <![CDATA[org.openqa.selenium.ElementNotInteractableException: Element <button id="search-submit" class="search__submit" type="submit"> could not be scrolled into view
Build info: version: '4.0.0-beta-2', revision: '4ec0cfc112'
System info: host: 'matiurs-MacBook-Pro.local', ip: '2603:7000:e245:e600:0:0:0:3', os.name: 'Mac OS X', os.arch: 'x86_64', os.version: '10.15', java.version: '1.8.0_45'
Driver info: org.openqa.selenium.firefox.FirefoxDriver
Command: [578225ce-5314-4a49-bddc-43cd94fab656, clickElement {id=c17506bc-6f81-ff40-9263-ed69836ecdc9}]
Capabilities {acceptInsecureCerts: true, browserName: firefox, browserVersion: 88.0, javascriptEnabled: true, moz:accessibilityChecks: false, moz:buildID: 20210415204500, moz:debuggerAddress: localhost:63389, moz:geckodriverVersion: 0.29.0, moz:headless: false, moz:processID: 71398, moz:profile: /var/folders/f0/pp1t4wh50hz..., moz:shutdownTimeout: 60000, moz:useNonSpecCompliantPointerOrigin: false, moz:webdriverClick: true, pageLoadStrategy: normal, platform: MAC, platformName: MAC, platformVersion: 19.0.0, rotatable: false, setWindowRect: true, strictFileInteractability: false, timeouts: {implicit: 0, pageLoad: 300000, script: 30000}, unhandledPromptBehavior: dismiss and notify}
Element: [[FirefoxDriver: firefox on MAC (578225ce-5314-4a49-bddc-43cd94fab656)] -> css selector: #search-submit]
Session ID: 578225ce-5314-4a49-bddc-43cd94fab656
at sun.reflect.NativeConstructorAccessorImpl.newInstance0(Native Method)
at sun.reflect.NativeConstructorAccessorImpl.newInstance(NativeConstructorAccessorImpl.java:62)
at sun.reflect.DelegatingConstructorAccessorImpl.newInstance(DelegatingConstructorAccessorImpl.java:45)
at java.lang.reflect.Constructor.newInstance(Constructor.java:422)
at org.openqa.selenium.remote.codec.w3c.W3CHttpResponseCodec.createException(W3CHttpResponseCodec.java:195)
at org.openqa.selenium.remote.codec.w3c.W3CHttpResponseCodec.decode(W3CHttpResponseCodec.java:128)
at org.openqa.selenium.remote.codec.w3c.W3CHttpResponseCodec.decode(W3CHttpResponseCodec.java:52)
at org.openqa.selenium.remote.HttpCommandExecutor.execute(HttpCommandExecutor.java:187)
at org.openqa.selenium.remote.service.DriverCommandExecutor.invokeExecute(DriverCommandExecutor.java:153)
at org.openqa.selenium.remote.service.DriverCommandExecutor.execute(DriverCommandExecutor.java:128)
at org.openqa.selenium.remote.RemoteWebDriver.execute(RemoteWebDriver.java:620)
at org.openqa.selenium.remote.RemoteWebElement.execute(RemoteWebElement.java:239)
at org.openqa.selenium.remote.RemoteWebElement.click(RemoteWebElement.java:77)
at sun.reflect.NativeMethodAccessorImpl.invoke0(Native Method)
at sun.reflect.NativeMethodAccessorImpl.invoke(NativeMethodAccessorImpl.java:62)
at sun.reflect.DelegatingMethodAccessorImpl.invoke(DelegatingMethodAccessorImpl.java:43)
at java.lang.reflect.Method.invoke(Method.java:497)
at org.openqa.selenium.support.pagefactory.internal.LocatingElementHandler.invoke(LocatingElementHandler.java:52)
at com.sun.proxy.$Proxy15.click(Unknown Source)
at pages.SearchPage.clickOnSubmitButton(SearchPage.java:26)
at pages.SearchPage.searchIconClickNEnterNewsNSubmit(SearchPage.java:31)
at pages.AllFunctionality.search(AllFunctionality.java:30)
at pages.AllFunctionality.select(AllFunctionality.java:68)
at pages.AllFunctionality.runAllTheFeatureTest(AllFunctionality.java:55)
at homepage.TestAllFunctionality.newsFeatures(TestAllFunctionality.java:17)
at sun.reflect.NativeMethodAccessorImpl.invoke0(Native Method)
at sun.reflect.NativeMethodAccessorImpl.invoke(NativeMethodAccessorImpl.java:62)
at sun.reflect.DelegatingMethodAccessorImpl.invoke(DelegatingMethodAccessorImpl.java:43)
at java.lang.reflect.Method.invoke(Method.java:497)
at org.testng.internal.MethodInvocationHelper.invokeMethod(MethodInvocationHelper.java:133)
at org.testng.internal.TestInvoker.invokeMethod(TestInvoker.java:598)
at org.testng.internal.TestInvoker.invokeTestMethod(TestInvoker.java:173)
at org.testng.internal.MethodRunner.runInSequence(MethodRunner.java:46)
at org.testng.internal.TestInvoker$MethodInvocationAgent.invoke(TestInvoker.java:824)
at org.testng.internal.TestInvoker.invokeTestMethods(TestInvoker.java:146)
at org.testng.internal.TestMethodWorker.invokeTestMethods(TestMethodWorker.java:146)
at org.testng.internal.TestMethodWorker.run(TestMethodWorker.java:128)
at org.testng.TestRunner$$Lambda$102/1048027629.accept(Unknown Source)
at java.util.ArrayList.forEach(ArrayList.java:1249)
at org.testng.TestRunner.privateRun(TestRunner.java:794)
at org.testng.TestRunner.run(TestRunner.java:596)
at org.testng.SuiteRunner.runTest(SuiteRunner.java:377)
at org.testng.SuiteRunner.runSequentially(SuiteRunner.java:371)
at org.testng.SuiteRunner.privateRun(SuiteRunner.java:332)
at org.testng.SuiteRunner.run(SuiteRunner.java:276)
at org.testng.SuiteRunnerWorker.runSuite(SuiteRunnerWorker.java:53)
at org.testng.SuiteRunnerWorker.run(SuiteRunnerWorker.java:96)
at org.testng.TestNG.runSuitesSequentially(TestNG.java:1212)
at org.testng.TestNG.runSuitesLocally(TestNG.java:1134)
at org.testng.TestNG.runSuites(TestNG.java:1063)
at org.testng.TestNG.run(TestNG.java:1031)
at com.intellij.rt.testng.IDEARemoteTestNG.run(IDEARemoteTestNG.java:66)
at com.intellij.rt.testng.RemoteTestNGStarter.main(RemoteTestNGStarter.java:110)
]]>
            </full-stacktrace>
          </exception> <!-- org.openqa.selenium.ElementNotInteractableException -->
          <reporter-output>
            <line>
              <![CDATA[TestAllFunctionality: news Features]]>
            </line>
            <line>
              <![CDATA[AllFunctionality: run All The Feature Test]]>
            </line>
            <line>
              <![CDATA[AllFunctionality: select]]>
            </line>
          </reporter-output>
        </test-method> <!-- newsFeatures -->
        <test-method status="PASS" signature="afterEachTestMethod(org.testng.ITestResult)[pri:0, instance:homepage.TestAllFunctionality@3cef309d]" name="afterEachTestMethod" is-config="true" duration-ms="4888" started-at="2021-05-01T15:13:41 EDT" finished-at="2021-05-01T15:13:45 EDT">
          <params>
            <param index="0">
              <value>
                <![CDATA[[TestResult name=newsFeatures status=FAILURE method=TestAllFunctionality.newsFeatures()[pri:0, instance:homepage.TestAllFunctionality@3cef309d] output=TestAllFunctionality: news Features]]]>
              </value>
            </param>
          </params>
          <reporter-output>
          </reporter-output>
        </test-method> <!-- afterEachTestMethod -->
        <test-method status="PASS" signature="cleanUp()[pri:0, instance:homepage.TestAllFunctionality@3cef309d]" name="cleanUp" is-config="true" duration-ms="1" started-at="2021-05-01T15:13:45 EDT" finished-at="2021-05-01T15:13:45 EDT">
          <reporter-output>
          </reporter-output>
        </test-method> <!-- cleanUp -->
        <test-method status="PASS" signature="generateReport()[pri:0, instance:homepage.TestAllFunctionality@3cef309d]" name="generateReport" is-config="true" duration-ms="79" started-at="2021-05-01T15:13:45 EDT" finished-at="2021-05-01T15:13:46 EDT">
          <reporter-output>
          </reporter-output>
        </test-method> <!-- generateReport -->
      </class> <!-- homepage.TestAllFunctionality -->
    </test> <!-- NYP Home -->
  </suite> <!-- NYPost Test Script -->
</testng-results>
