<?xml version="1.0" encoding="UTF-8"?>
<!-- Generated by org.testng.reporters.JUnitXMLReporter -->
<testsuite hostname="matiurs-MacBook-Pro.local" ignored="0" name="NYP Home" tests="1" failures="1" timestamp="2021-05-01T15:13:45 EDT" time="62.931" errors="0">
  <testcase name="newsFeatures" time="2.587" classname="homepage.TestAllFunctionality">
    <failure type="org.openqa.selenium.ElementNotInteractableException" message="Element &amp;lt;button id=&amp;quot;search-submit&amp;quot; class=&amp;quot;search__submit&amp;quot; type=&amp;quot;submit&amp;quot;&amp;gt; could not be scrolled into view
Build info: version: &amp;apos;4.0.0-beta-2&amp;apos;, revision: &amp;apos;4ec0cfc112&amp;apos;
System info: host: &amp;apos;matiurs-MacBook-Pro.local&amp;apos;, ip: &amp;apos;2603:7000:e245:e600:0:0:0:3&amp;apos;, os.name: &amp;apos;Mac OS X&amp;apos;, os.arch: &amp;apos;x86_64&amp;apos;, os.version: &amp;apos;10.15&amp;apos;, java.version: &amp;apos;1.8.0_45&amp;apos;
Driver info: org.openqa.selenium.firefox.FirefoxDriver
Command: [578225ce-5314-4a49-bddc-43cd94fab656, clickElement {id=c17506bc-6f81-ff40-9263-ed69836ecdc9}]
Capabilities {acceptInsecureCerts: true, browserName: firefox, browserVersion: 88.0, javascriptEnabled: true, moz:accessibilityChecks: false, moz:buildID: 20210415204500, moz:debuggerAddress: localhost:63389, moz:geckodriverVersion: 0.29.0, moz:headless: false, moz:processID: 71398, moz:profile: /var/folders/f0/pp1t4wh50hz..., moz:shutdownTimeout: 60000, moz:useNonSpecCompliantPointerOrigin: false, moz:webdriverClick: true, pageLoadStrategy: normal, platform: MAC, platformName: MAC, platformVersion: 19.0.0, rotatable: false, setWindowRect: true, strictFileInteractability: false, timeouts: {implicit: 0, pageLoad: 300000, script: 30000}, unhandledPromptBehavior: dismiss and notify}
Element: [[FirefoxDriver: firefox on MAC (578225ce-5314-4a49-bddc-43cd94fab656)] -&amp;gt; css selector: #search-submit]
Session ID: 578225ce-5314-4a49-bddc-43cd94fab656">
      <![CDATA[org.openqa.selenium.ElementNotInteractableException: Element <button id="search-submit" class="search__submit" type="submit"> could not be scrolled into view
Build info: version: '4.0.0-beta-2', revision: '4ec0cfc112'
System info: host: 'matiurs-MacBook-Pro.local', ip: '2603:7000:e245:e600:0:0:0:3', os.name: 'Mac OS X', os.arch: 'x86_64', os.version: '10.15', java.version: '1.8.0_45'
Driver info: org.openqa.selenium.firefox.FirefoxDriver
Command: [578225ce-5314-4a49-bddc-43cd94fab656, clickElement {id=c17506bc-6f81-ff40-9263-ed69836ecdc9}]
Capabilities {acceptInsecureCerts: true, browserName: firefox, browserVersion: 88.0, javascriptEnabled: true, moz:accessibilityChecks: false, moz:buildID: 20210415204500, moz:debuggerAddress: localhost:63389, moz:geckodriverVersion: 0.29.0, moz:headless: false, moz:processID: 71398, moz:profile: /var/folders/f0/pp1t4wh50hz..., moz:shutdownTimeout: 60000, moz:useNonSpecCompliantPointerOrigin: false, moz:webdriverClick: true, pageLoadStrategy: normal, platform: MAC, platformName: MAC, platformVersion: 19.0.0, rotatable: false, setWindowRect: true, strictFileInteractability: false, timeouts: {implicit: 0, pageLoad: 300000, script: 30000}, unhandledPromptBehavior: dismiss and notify}
Element: [[FirefoxDriver: firefox on MAC (578225ce-5314-4a49-bddc-43cd94fab656)] -> css selector: #search-submit]
Session ID: 578225ce-5314-4a49-bddc-43cd94fab656
at org.openqa.selenium.remote.codec.w3c.W3CHttpResponseCodec.createException(W3CHttpResponseCodec.java:195)
at org.openqa.selenium.remote.codec.w3c.W3CHttpResponseCodec.decode(W3CHttpResponseCodec.java:128)
at org.openqa.selenium.remote.codec.w3c.W3CHttpResponseCodec.decode(W3CHttpResponseCodec.java:52)
at org.openqa.selenium.remote.HttpCommandExecutor.execute(HttpCommandExecutor.java:187)
at org.openqa.selenium.remote.service.DriverCommandExecutor.invokeExecute(DriverCommandExecutor.java:153)
at org.openqa.selenium.remote.service.DriverCommandExecutor.execute(DriverCommandExecutor.java:128)
at org.openqa.selenium.remote.RemoteWebDriver.execute(RemoteWebDriver.java:620)
at org.openqa.selenium.remote.RemoteWebElement.execute(RemoteWebElement.java:239)
at org.openqa.selenium.remote.RemoteWebElement.click(RemoteWebElement.java:77)
at org.openqa.selenium.support.pagefactory.internal.LocatingElementHandler.invoke(LocatingElementHandler.java:52)
at com.sun.proxy.$Proxy15.click(Unknown Source)
at pages.SearchPage.clickOnSubmitButton(SearchPage.java:26)
at pages.SearchPage.searchIconClickNEnterNewsNSubmit(SearchPage.java:31)
at pages.AllFunctionality.search(AllFunctionality.java:30)
at pages.AllFunctionality.select(AllFunctionality.java:68)
at pages.AllFunctionality.runAllTheFeatureTest(AllFunctionality.java:55)
at homepage.TestAllFunctionality.newsFeatures(TestAllFunctionality.java:17)
at java.util.ArrayList.forEach(ArrayList.java:1249)
at com.intellij.rt.testng.IDEARemoteTestNG.run(IDEARemoteTestNG.java:66)
at com.intellij.rt.testng.RemoteTestNGStarter.main(RemoteTestNGStarter.java:110)
... Removed 33 stack frames]]>
    </failure>
  </testcase> <!-- newsFeatures -->
</testsuite> <!-- NYP Home -->
